<?xml version="1.0" encoding="UTF-8"?>
<testsuite name="com.csc.TestOakTree" tests="2" skipped="0" failures="0" errors="0" timestamp="2024-12-02T15:30:34" hostname="LAPTOP-6FMU26UG" time="0.036">
  <properties/>
  <testcase name="testTreeStructure()" classname="com.csc.TestOakTree" time="0.032"/>
  <testcase name="testSquirrelNames()" classname="com.csc.TestOakTree" time="0.002"/>
  <system-out><![CDATA[]]></system-out>
  <system-err><![CDATA[]]></system-err>
</testsuite>
